

Started GET "/" for ::1 at 2015-11-18 11:23:35 -0500

ActiveRecord::PendingMigrationError (

Migrations are pending. To resolve this issue, run:

	bin/rake db:migrate RAILS_ENV=development

):
  activerecord (4.2.1) lib/active_record/migration.rb:393:in `check_pending!'
  activerecord (4.2.1) lib/active_record/migration.rb:374:in `call'
  actionpack (4.2.1) lib/action_dispatch/middleware/callbacks.rb:29:in `block in call'
  activesupport (4.2.1) lib/active_support/callbacks.rb:88:in `call'
  activesupport (4.2.1) lib/active_support/callbacks.rb:88:in `_run_callbacks'
  activesupport (4.2.1) lib/active_support/callbacks.rb:776:in `_run_call_callbacks'
  activesupport (4.2.1) lib/active_support/callbacks.rb:81:in `run_callbacks'
  actionpack (4.2.1) lib/action_dispatch/middleware/callbacks.rb:27:in `call'
  actionpack (4.2.1) lib/action_dispatch/middleware/reloader.rb:73:in `call'
  actionpack (4.2.1) lib/action_dispatch/middleware/remote_ip.rb:78:in `call'
  actionpack (4.2.1) lib/action_dispatch/middleware/debug_exceptions.rb:17:in `call'
  web-console (2.1.2) lib/web_console/middleware.rb:37:in `call'
  actionpack (4.2.1) lib/action_dispatch/middleware/show_exceptions.rb:30:in `call'
  railties (4.2.1) lib/rails/rack/logger.rb:38:in `call_app'
  railties (4.2.1) lib/rails/rack/logger.rb:20:in `block in call'
  activesupport (4.2.1) lib/active_support/tagged_logging.rb:68:in `block in tagged'
  activesupport (4.2.1) lib/active_support/tagged_logging.rb:26:in `tagged'
  activesupport (4.2.1) lib/active_support/tagged_logging.rb:68:in `tagged'
  railties (4.2.1) lib/rails/rack/logger.rb:20:in `call'
  actionpack (4.2.1) lib/action_dispatch/middleware/request_id.rb:21:in `call'
  rack (1.6.1) lib/rack/methodoverride.rb:22:in `call'
  rack (1.6.1) lib/rack/runtime.rb:18:in `call'
  activesupport (4.2.1) lib/active_support/cache/strategy/local_cache_middleware.rb:28:in `call'
  rack (1.6.1) lib/rack/lock.rb:17:in `call'
  actionpack (4.2.1) lib/action_dispatch/middleware/static.rb:113:in `call'
  rack (1.6.1) lib/rack/sendfile.rb:113:in `call'
  railties (4.2.1) lib/rails/engine.rb:518:in `call'
  railties (4.2.1) lib/rails/application.rb:164:in `call'
  rack (1.6.1) lib/rack/lock.rb:17:in `call'
  rack (1.6.1) lib/rack/content_length.rb:15:in `call'
  rack (1.6.1) lib/rack/handler/webrick.rb:89:in `service'
  /Users/shihanrehman/.rvm/rubies/ruby-2.2.1/lib/ruby/2.2.0/webrick/httpserver.rb:138:in `service'
  /Users/shihanrehman/.rvm/rubies/ruby-2.2.1/lib/ruby/2.2.0/webrick/httpserver.rb:94:in `run'
  /Users/shihanrehman/.rvm/rubies/ruby-2.2.1/lib/ruby/2.2.0/webrick/server.rb:294:in `block in start_thread'


  Rendered /Users/shihanrehman/.rvm/gems/ruby-2.2.1/gems/actionpack-4.2.1/lib/action_dispatch/middleware/templates/rescues/_source.erb (2.6ms)
  Rendered /Users/shihanrehman/.rvm/gems/ruby-2.2.1/gems/actionpack-4.2.1/lib/action_dispatch/middleware/templates/rescues/_trace.html.erb (1.6ms)
  Rendered /Users/shihanrehman/.rvm/gems/ruby-2.2.1/gems/actionpack-4.2.1/lib/action_dispatch/middleware/templates/rescues/_request_and_response.html.erb (1.0ms)
  Rendered /Users/shihanrehman/.rvm/gems/ruby-2.2.1/gems/actionpack-4.2.1/lib/action_dispatch/middleware/templates/rescues/diagnostics.html.erb within rescues/layout (59.1ms)
  Rendered /Users/shihanrehman/.rvm/gems/ruby-2.2.1/gems/web-console-2.1.2/lib/web_console/templates/_markup.html.erb (0.5ms)
  Rendered /Users/shihanrehman/.rvm/gems/ruby-2.2.1/gems/web-console-2.1.2/lib/web_console/templates/style.css.erb within layouts/inlined_string (0.5ms)
  Rendered /Users/shihanrehman/.rvm/gems/ruby-2.2.1/gems/web-console-2.1.2/lib/web_console/templates/_inner_console_markup.html.erb within layouts/inlined_string (0.3ms)
  Rendered /Users/shihanrehman/.rvm/gems/ruby-2.2.1/gems/web-console-2.1.2/lib/web_console/templates/_prompt_box_markup.html.erb within layouts/inlined_string (0.3ms)
  Rendered /Users/shihanrehman/.rvm/gems/ruby-2.2.1/gems/web-console-2.1.2/lib/web_console/templates/console.js.erb within layouts/javascript (50.8ms)
  Rendered /Users/shihanrehman/.rvm/gems/ruby-2.2.1/gems/web-console-2.1.2/lib/web_console/templates/main.js.erb within layouts/javascript (0.3ms)
  Rendered /Users/shihanrehman/.rvm/gems/ruby-2.2.1/gems/web-console-2.1.2/lib/web_console/templates/error_page.js.erb within layouts/javascript (0.4ms)
  Rendered /Users/shihanrehman/.rvm/gems/ruby-2.2.1/gems/web-console-2.1.2/lib/web_console/templates/index.html.erb (117.4ms)
  [1m[36m (1.0ms)[0m  [1mCREATE TABLE "schema_migrations" ("version" varchar NOT NULL) [0m
  [1m[35m (0.4ms)[0m  select sqlite_version(*)
  [1m[36m (0.9ms)[0m  [1mCREATE UNIQUE INDEX "unique_schema_migrations" ON "schema_migrations" ("version")[0m
  [1m[35mActiveRecord::SchemaMigration Load (0.1ms)[0m  SELECT "schema_migrations".* FROM "schema_migrations"
Migrating to CreateMessages (20150518171435)
  [1m[36m (0.1ms)[0m  [1mbegin transaction[0m
  [1m[35m (0.4ms)[0m  CREATE TABLE "messages" ("id" INTEGER PRIMARY KEY AUTOINCREMENT NOT NULL, "title" varchar, "description" text, "created_at" datetime NOT NULL, "updated_at" datetime NOT NULL) 
  [1m[36mSQL (0.2ms)[0m  [1mINSERT INTO "schema_migrations" ("version") VALUES (?)[0m  [["version", "20150518171435"]]
  [1m[35m (0.8ms)[0m  commit transaction
Migrating to DeviseCreateUsers (20150518182200)
  [1m[36m (0.2ms)[0m  [1mbegin transaction[0m
DEPRECATION WARNING: `#timestamp` was called without specifying an option for `null`. In Rails 5, this behavior will change to `null: false`. You should manually specify `null: true` to prevent the behavior of your existing migrations from changing. (called from block in change at /Users/shihanrehman/Desktop/ruby/Message-Board/db/migrate/20150518182200_devise_create_users.rb:34)
  [1m[35m (0.3ms)[0m  CREATE TABLE "users" ("id" INTEGER PRIMARY KEY AUTOINCREMENT NOT NULL, "email" varchar DEFAULT '' NOT NULL, "encrypted_password" varchar DEFAULT '' NOT NULL, "reset_password_token" varchar, "reset_password_sent_at" datetime, "remember_created_at" datetime, "sign_in_count" integer DEFAULT 0 NOT NULL, "current_sign_in_at" datetime, "last_sign_in_at" datetime, "current_sign_in_ip" varchar, "last_sign_in_ip" varchar, "created_at" datetime, "updated_at" datetime) 
  [1m[36m (0.3ms)[0m  [1mCREATE UNIQUE INDEX "index_users_on_email" ON "users" ("email")[0m
  [1m[35m (0.1ms)[0m              SELECT sql
            FROM sqlite_master
            WHERE name='index_users_on_email' AND type='index'
            UNION ALL
            SELECT sql
            FROM sqlite_temp_master
            WHERE name='index_users_on_email' AND type='index'

  [1m[36m (0.1ms)[0m  [1mCREATE UNIQUE INDEX "index_users_on_reset_password_token" ON "users" ("reset_password_token")[0m
  [1m[35mSQL (0.1ms)[0m  INSERT INTO "schema_migrations" ("version") VALUES (?)  [["version", "20150518182200"]]
  [1m[36m (1.1ms)[0m  [1mcommit transaction[0m
Migrating to AddUserIdToMessages (20150518182640)
  [1m[35m (0.1ms)[0m  begin transaction
  [1m[36m (1.4ms)[0m  [1mALTER TABLE "messages" ADD "user_id" integer[0m
  [1m[35mSQL (0.1ms)[0m  INSERT INTO "schema_migrations" ("version") VALUES (?)  [["version", "20150518182640"]]
  [1m[36m (0.7ms)[0m  [1mcommit transaction[0m
Migrating to CreateComments (20150518185634)
  [1m[35m (0.4ms)[0m  begin transaction
  [1m[36m (0.3ms)[0m  [1mCREATE TABLE "comments" ("id" INTEGER PRIMARY KEY AUTOINCREMENT NOT NULL, "content" text, "message_id" integer, "user_id" integer, "created_at" datetime NOT NULL, "updated_at" datetime NOT NULL) [0m
  [1m[35m (0.1ms)[0m  CREATE  INDEX "index_comments_on_message_id" ON "comments" ("message_id")
  [1m[36m (0.0ms)[0m  [1m            SELECT sql
            FROM sqlite_master
            WHERE name='index_comments_on_message_id' AND type='index'
            UNION ALL
            SELECT sql
            FROM sqlite_temp_master
            WHERE name='index_comments_on_message_id' AND type='index'
[0m
  [1m[35m (0.1ms)[0m  CREATE  INDEX "index_comments_on_user_id" ON "comments" ("user_id")
  [1m[36mSQL (0.1ms)[0m  [1mINSERT INTO "schema_migrations" ("version") VALUES (?)[0m  [["version", "20150518185634"]]
  [1m[35m (0.8ms)[0m  commit transaction
  [1m[36mActiveRecord::SchemaMigration Load (0.1ms)[0m  [1mSELECT "schema_migrations".* FROM "schema_migrations"[0m
  [1m[35m (0.5ms)[0m              SELECT sql
            FROM sqlite_master
            WHERE name='index_comments_on_user_id' AND type='index'
            UNION ALL
            SELECT sql
            FROM sqlite_temp_master
            WHERE name='index_comments_on_user_id' AND type='index'

  [1m[36m (0.1ms)[0m  [1m            SELECT sql
            FROM sqlite_master
            WHERE name='index_comments_on_message_id' AND type='index'
            UNION ALL
            SELECT sql
            FROM sqlite_temp_master
            WHERE name='index_comments_on_message_id' AND type='index'
[0m
  [1m[35m (0.1ms)[0m              SELECT sql
            FROM sqlite_master
            WHERE name='index_users_on_reset_password_token' AND type='index'
            UNION ALL
            SELECT sql
            FROM sqlite_temp_master
            WHERE name='index_users_on_reset_password_token' AND type='index'

  [1m[36m (0.1ms)[0m  [1m            SELECT sql
            FROM sqlite_master
            WHERE name='index_users_on_email' AND type='index'
            UNION ALL
            SELECT sql
            FROM sqlite_temp_master
            WHERE name='index_users_on_email' AND type='index'
[0m


Started GET "/" for ::1 at 2015-11-18 11:24:09 -0500
  [1m[36mActiveRecord::SchemaMigration Load (0.1ms)[0m  [1mSELECT "schema_migrations".* FROM "schema_migrations"[0m
Processing by MessagesController#index as HTML
  [1m[35mMessage Load (0.5ms)[0m  SELECT "messages".* FROM "messages"  ORDER BY created_at DESC
  Rendered messages/index.html.erb within layouts/application (3.3ms)
Completed 200 OK in 4969ms (Views: 4939.0ms | ActiveRecord: 0.6ms)


Started GET "/" for ::1 at 2015-11-18 11:24:14 -0500
Processing by MessagesController#index as HTML
  [1m[36mMessage Load (0.1ms)[0m  [1mSELECT "messages".* FROM "messages"  ORDER BY created_at DESC[0m
  Rendered messages/index.html.erb within layouts/application (0.7ms)
Completed 200 OK in 133ms (Views: 132.2ms | ActiveRecord: 0.1ms)


Started GET "/assets/comments.self-e3b0c44298fc1c149afbf4c8996fb92427ae41e4649b934ca495991b7852b855.css?body=1" for ::1 at 2015-11-18 11:24:14 -0500


Started GET "/assets/messages.self-e3b0c44298fc1c149afbf4c8996fb92427ae41e4649b934ca495991b7852b855.css?body=1" for ::1 at 2015-11-18 11:24:14 -0500


Started GET "/assets/jquery_ujs.self-8e98a7a072a6cee1372d19fff9ff3e6aa1e39a37d89d6f06861637d061113ee7.js?body=1" for ::1 at 2015-11-18 11:24:14 -0500


Started GET "/assets/jquery.self-d03a5518f45df77341bdbe6201ba3bfa547ebba8ed64f0ea56bfa5f96ea7c074.js?body=1" for ::1 at 2015-11-18 11:24:14 -0500


Started GET "/assets/application.self-52627aeff9cce678b85a40b1d3b9a1def4b7a3fe4bc7870b5d5afd0e45c65d64.css?body=1" for ::1 at 2015-11-18 11:24:14 -0500


Started GET "/assets/bootstrap/affix.self-68d1a5161d04ca9fe1b9d9f4114d9426c7798bf90f2703a97aca35c8113469bb.js?body=1" for ::1 at 2015-11-18 11:24:14 -0500


Started GET "/assets/bootstrap/alert.self-15ce09eba576e56db3edfd87accc0ff48823df915169e350b4fd97290f96aee1.js?body=1" for ::1 at 2015-11-18 11:24:14 -0500


Started GET "/assets/bootstrap/button.self-37c62bff1d75f86f3348b8679873d5156d8b9938b62841038dca21690f4740f1.js?body=1" for ::1 at 2015-11-18 11:24:14 -0500


Started GET "/assets/bootstrap/carousel.self-9aaab1a477b9c1156bab751cb8da47f77dace6da88eef8ae830e60f3cff3a8be.js?body=1" for ::1 at 2015-11-18 11:24:14 -0500


Started GET "/assets/bootstrap/collapse.self-eeece00cd06a3d7cc071ab7845b549d4991edd0f0895e4be70fe40bac2fb5f4b.js?body=1" for ::1 at 2015-11-18 11:24:14 -0500


Started GET "/assets/bootstrap/dropdown.self-a3998e7ca949c04cb86b5c635deb0abcc7a24dc02e81be66b8acfef02d811e45.js?body=1" for ::1 at 2015-11-18 11:24:14 -0500


Started GET "/assets/bootstrap/modal.self-f2759e138605770e60526c00c6d86cbb3378da203641f9d6b204c9f0192b9267.js?body=1" for ::1 at 2015-11-18 11:24:14 -0500


Started GET "/assets/bootstrap/scrollspy.self-5ea180afe4404f83fc97d997833f2edefd34475b0b5ddab310e27abc2bbd5f2f.js?body=1" for ::1 at 2015-11-18 11:24:14 -0500


Started GET "/assets/bootstrap/tab.self-e1bba7115c90301056ee94c4716de2fcbe4498015def2dab9ff9879f339bd245.js?body=1" for ::1 at 2015-11-18 11:24:14 -0500


Started GET "/assets/bootstrap/transition.self-7742dca5e6acf313fbb217811b48468282cddf1a9baea5c89ec92e367ef242cb.js?body=1" for ::1 at 2015-11-18 11:24:14 -0500


Started GET "/assets/bootstrap/tooltip.self-c3b5c16f394ab9c0391db4431aac4f2d2ddf1bba4c5d3228ed343de05ecc8e83.js?body=1" for ::1 at 2015-11-18 11:24:14 -0500


Started GET "/assets/bootstrap/popover.self-2674d99c3ab0415dba0b958a80b3840f70ff6368b155d890306c0291be49453b.js?body=1" for ::1 at 2015-11-18 11:24:14 -0500


Started GET "/assets/bootstrap-sprockets.self-fbfa5ad7d9aa0afe439ec4ff3883acc4cb92b62cb67c40d674320c9aa1d4642d.js?body=1" for ::1 at 2015-11-18 11:24:14 -0500


Started GET "/assets/turbolinks.self-c37727e9bd6b2735da5c311aa83fead54ed0be6cc8bd9a65309e9c5abe2cbfff.js?body=1" for ::1 at 2015-11-18 11:24:14 -0500


Started GET "/assets/comments.self-877aef30ae1b040ab8a3aba4e3e309a11d7f2612f44dde450b5c157aa5f95c05.js?body=1" for ::1 at 2015-11-18 11:24:14 -0500


Started GET "/assets/messages.self-877aef30ae1b040ab8a3aba4e3e309a11d7f2612f44dde450b5c157aa5f95c05.js?body=1" for ::1 at 2015-11-18 11:24:14 -0500


Started GET "/assets/application.self-f8806224e027f3e3f0138ea9ce99319e298dfdb323304d1f1be6eae8e8c74724.js?body=1" for ::1 at 2015-11-18 11:24:14 -0500


Started GET "/" for ::1 at 2015-11-18 11:24:18 -0500
Processing by MessagesController#index as HTML
  [1m[35mMessage Load (0.1ms)[0m  SELECT "messages".* FROM "messages"  ORDER BY created_at DESC
  Rendered messages/index.html.erb within layouts/application (0.4ms)
Completed 200 OK in 107ms (Views: 105.9ms | ActiveRecord: 0.1ms)


Started GET "/users/sign_in" for ::1 at 2015-11-18 11:24:21 -0500
Processing by Devise::SessionsController#new as HTML
  Rendered devise/shared/_links.html.erb (1.4ms)
  Rendered devise/sessions/new.html.erb within layouts/application (158.3ms)
Completed 200 OK in 274ms (Views: 259.5ms | ActiveRecord: 0.3ms)


Started GET "/users/sign_up" for ::1 at 2015-11-18 11:24:22 -0500
Processing by Devise::RegistrationsController#new as HTML
  Rendered devise/shared/_links.html.erb (0.4ms)
  Rendered devise/registrations/new.html.erb within layouts/application (89.8ms)
Completed 200 OK in 196ms (Views: 194.7ms | ActiveRecord: 0.0ms)


Started GET "/" for ::1 at 2015-11-18 11:24:23 -0500
Processing by MessagesController#index as HTML
  [1m[36mMessage Load (0.1ms)[0m  [1mSELECT "messages".* FROM "messages"  ORDER BY created_at DESC[0m
  Rendered messages/index.html.erb within layouts/application (0.8ms)
Completed 200 OK in 129ms (Views: 126.5ms | ActiveRecord: 0.1ms)


Started GET "/" for ::1 at 2015-11-18 11:24:24 -0500
Processing by MessagesController#index as HTML
  [1m[35mMessage Load (0.2ms)[0m  SELECT "messages".* FROM "messages"  ORDER BY created_at DESC
  Rendered messages/index.html.erb within layouts/application (1.0ms)
Completed 200 OK in 77ms (Views: 76.0ms | ActiveRecord: 0.2ms)


Started GET "/" for ::1 at 2015-11-18 11:24:24 -0500
Processing by MessagesController#index as HTML
  [1m[36mMessage Load (0.1ms)[0m  [1mSELECT "messages".* FROM "messages"  ORDER BY created_at DESC[0m
  Rendered messages/index.html.erb within layouts/application (0.5ms)
Completed 200 OK in 120ms (Views: 118.7ms | ActiveRecord: 0.1ms)


Started GET "/users/sign_up" for ::1 at 2015-11-18 11:24:24 -0500
Processing by Devise::RegistrationsController#new as HTML
  Rendered devise/shared/_links.html.erb (0.2ms)
  Rendered devise/registrations/new.html.erb within layouts/application (60.1ms)
Completed 200 OK in 163ms (Views: 161.2ms | ActiveRecord: 0.0ms)


Started GET "/users/sign_in" for ::1 at 2015-11-18 11:24:25 -0500
Processing by Devise::SessionsController#new as HTML
  Rendered devise/shared/_links.html.erb (2.3ms)
  Rendered devise/sessions/new.html.erb within layouts/application (146.6ms)
Completed 200 OK in 260ms (Views: 258.5ms | ActiveRecord: 0.0ms)


Started GET "/users/sign_in" for ::1 at 2015-11-18 11:24:25 -0500
Processing by Devise::SessionsController#new as HTML
  Rendered devise/shared/_links.html.erb (0.3ms)
  Rendered devise/sessions/new.html.erb within layouts/application (51.4ms)
Completed 200 OK in 131ms (Views: 130.5ms | ActiveRecord: 0.0ms)


Started GET "/users/sign_in" for ::1 at 2015-11-18 11:24:25 -0500
Processing by Devise::SessionsController#new as HTML
  Rendered devise/shared/_links.html.erb (0.6ms)
  Rendered devise/sessions/new.html.erb within layouts/application (74.6ms)
Completed 200 OK in 198ms (Views: 197.5ms | ActiveRecord: 0.0ms)


Started GET "/users/sign_up" for ::1 at 2015-11-18 11:24:26 -0500
Processing by Devise::RegistrationsController#new as HTML
  Rendered devise/shared/_links.html.erb (0.8ms)
  Rendered devise/registrations/new.html.erb within layouts/application (118.8ms)
Completed 200 OK in 236ms (Views: 235.1ms | ActiveRecord: 0.0ms)


Started GET "/users/sign_up" for ::1 at 2015-11-18 11:24:26 -0500
Processing by Devise::RegistrationsController#new as HTML
  Rendered devise/shared/_links.html.erb (0.2ms)
  Rendered devise/registrations/new.html.erb within layouts/application (62.9ms)
Completed 200 OK in 151ms (Views: 150.7ms | ActiveRecord: 0.0ms)


Started GET "/users/sign_in" for ::1 at 2015-11-18 11:24:27 -0500
Processing by Devise::SessionsController#new as HTML
  Rendered devise/shared/_links.html.erb (1.9ms)
  Rendered devise/sessions/new.html.erb within layouts/application (120.8ms)
Completed 200 OK in 230ms (Views: 226.0ms | ActiveRecord: 0.0ms)


Started GET "/users/sign_in" for ::1 at 2015-11-18 11:24:27 -0500
Processing by Devise::SessionsController#new as HTML
  Rendered devise/shared/_links.html.erb (0.3ms)
  Rendered devise/sessions/new.html.erb within layouts/application (89.1ms)
Completed 200 OK in 193ms (Views: 191.9ms | ActiveRecord: 0.0ms)


Started GET "/users/sign_in" for ::1 at 2015-11-18 11:24:27 -0500
Processing by Devise::SessionsController#new as HTML
  Rendered devise/shared/_links.html.erb (0.3ms)
  Rendered devise/sessions/new.html.erb within layouts/application (65.8ms)
Completed 200 OK in 159ms (Views: 158.2ms | ActiveRecord: 0.0ms)


Started GET "/users/sign_up" for ::1 at 2015-11-18 11:24:27 -0500
Processing by Devise::RegistrationsController#new as HTML
  Rendered devise/shared/_links.html.erb (0.2ms)
  Rendered devise/registrations/new.html.erb within layouts/application (113.6ms)
Completed 200 OK in 209ms (Views: 206.9ms | ActiveRecord: 0.0ms)


Started GET "/" for ::1 at 2015-11-18 11:24:28 -0500
Processing by MessagesController#index as HTML
  [1m[35mMessage Load (0.1ms)[0m  SELECT "messages".* FROM "messages"  ORDER BY created_at DESC
  Rendered messages/index.html.erb within layouts/application (0.5ms)
Completed 200 OK in 155ms (Views: 153.4ms | ActiveRecord: 0.1ms)


Started GET "/" for ::1 at 2015-11-18 11:24:29 -0500
Processing by MessagesController#index as HTML
  [1m[36mMessage Load (0.1ms)[0m  [1mSELECT "messages".* FROM "messages"  ORDER BY created_at DESC[0m
  Rendered messages/index.html.erb within layouts/application (0.4ms)
Completed 200 OK in 105ms (Views: 103.7ms | ActiveRecord: 0.1ms)


Started GET "/" for ::1 at 2015-11-18 11:24:33 -0500
Processing by MessagesController#index as HTML
  [1m[35mMessage Load (0.1ms)[0m  SELECT "messages".* FROM "messages"  ORDER BY created_at DESC
  Rendered messages/index.html.erb within layouts/application (0.6ms)
Completed 200 OK in 170ms (Views: 169.1ms | ActiveRecord: 0.1ms)


Started GET "/" for ::1 at 2015-11-18 11:24:52 -0500
Processing by MessagesController#index as HTML
  [1m[36mMessage Load (0.1ms)[0m  [1mSELECT "messages".* FROM "messages"  ORDER BY created_at DESC[0m
  Rendered messages/index.html.erb within layouts/application (0.5ms)
Completed 200 OK in 148ms (Views: 147.6ms | ActiveRecord: 0.1ms)


Started GET "/users/sign_in" for ::1 at 2015-11-18 11:24:54 -0500
Processing by Devise::SessionsController#new as HTML
  Rendered devise/shared/_links.html.erb (0.3ms)
  Rendered devise/sessions/new.html.erb within layouts/application (56.3ms)
Completed 200 OK in 156ms (Views: 155.3ms | ActiveRecord: 0.0ms)


Started POST "/users/sign_in" for ::1 at 2015-11-18 11:24:57 -0500
Processing by Devise::SessionsController#create as HTML
  Parameters: {"utf8"=>"✓", "authenticity_token"=>"/JoFHEnspYOTTWJ1TLDwZIxxY5lmfvPgntejC6M2Rehkz1jiSgXBe0v8U27KI7rBPsoPAIJIVxXyF8rQ/+8plw==", "user"=>{"email"=>"shihanrehman@gmail.com", "password"=>"[FILTERED]", "remember_me"=>"0"}, "commit"=>"Log in"}
  [1m[35mUser Load (0.5ms)[0m  SELECT  "users".* FROM "users" WHERE "users"."email" = ?  ORDER BY "users"."id" ASC LIMIT 1  [["email", "shihanrehman@gmail.com"]]
Completed 401 Unauthorized in 10ms (ActiveRecord: 0.5ms)
Processing by Devise::SessionsController#new as HTML
  Parameters: {"utf8"=>"✓", "authenticity_token"=>"/JoFHEnspYOTTWJ1TLDwZIxxY5lmfvPgntejC6M2Rehkz1jiSgXBe0v8U27KI7rBPsoPAIJIVxXyF8rQ/+8plw==", "user"=>{"email"=>"shihanrehman@gmail.com", "password"=>"[FILTERED]", "remember_me"=>"0"}, "commit"=>"Log in"}
  Rendered devise/shared/_links.html.erb (0.3ms)
  Rendered devise/sessions/new.html.erb within layouts/application (44.8ms)
Completed 200 OK in 205ms (Views: 125.0ms | ActiveRecord: 0.0ms)


Started GET "/users/sign_up" for ::1 at 2015-11-18 11:24:59 -0500
Processing by Devise::RegistrationsController#new as HTML
  Rendered devise/shared/_links.html.erb (0.5ms)
  Rendered devise/registrations/new.html.erb within layouts/application (107.5ms)
Completed 200 OK in 220ms (Views: 218.2ms | ActiveRecord: 0.0ms)


Started POST "/users" for ::1 at 2015-11-18 11:25:05 -0500
Processing by Devise::RegistrationsController#create as HTML
  Parameters: {"utf8"=>"✓", "authenticity_token"=>"Ios+z4SPSSn4cHwDhUAl0C/OPncC33SbBGdLeIJcuWm63mMxh2Yt0SDBTRgD0291nXVS7ubp0G5opyKj3oXVFg==", "user"=>{"email"=>"shihanrehman@gmail.com", "password"=>"[FILTERED]", "password_confirmation"=>"[FILTERED]"}, "commit"=>"Sign up"}
  [1m[36m (0.1ms)[0m  [1mbegin transaction[0m
  [1m[35mUser Exists (0.1ms)[0m  SELECT  1 AS one FROM "users" WHERE "users"."email" = 'shihanrehman@gmail.com' LIMIT 1
  [1m[36mSQL (1.6ms)[0m  [1mINSERT INTO "users" ("email", "encrypted_password", "created_at", "updated_at") VALUES (?, ?, ?, ?)[0m  [["email", "shihanrehman@gmail.com"], ["encrypted_password", "$2a$10$etw4ygCoTShRvl9OG6l7KOGvvJAx.Fe0OzocLGp8qlciM27pbxU1W"], ["created_at", "2015-11-18 16:25:05.168351"], ["updated_at", "2015-11-18 16:25:05.168351"]]
  [1m[35m (0.7ms)[0m  commit transaction
  [1m[36m (0.0ms)[0m  [1mbegin transaction[0m
  [1m[35mSQL (0.3ms)[0m  UPDATE "users" SET "last_sign_in_at" = ?, "current_sign_in_at" = ?, "last_sign_in_ip" = ?, "current_sign_in_ip" = ?, "sign_in_count" = ?, "updated_at" = ? WHERE "users"."id" = ?  [["last_sign_in_at", "2015-11-18 16:25:05.172855"], ["current_sign_in_at", "2015-11-18 16:25:05.172855"], ["last_sign_in_ip", "::1"], ["current_sign_in_ip", "::1"], ["sign_in_count", 1], ["updated_at", "2015-11-18 16:25:05.173449"], ["id", 1]]
  [1m[36m (0.7ms)[0m  [1mcommit transaction[0m
Redirected to http://localhost:3000/
Completed 302 Found in 106ms (ActiveRecord: 3.5ms)


Started GET "/" for ::1 at 2015-11-18 11:25:05 -0500
Processing by MessagesController#index as HTML
  [1m[35mMessage Load (0.2ms)[0m  SELECT "messages".* FROM "messages"  ORDER BY created_at DESC
  Rendered messages/index.html.erb within layouts/application (0.6ms)
  [1m[36mUser Load (0.2ms)[0m  [1mSELECT  "users".* FROM "users" WHERE "users"."id" = ?  ORDER BY "users"."id" ASC LIMIT 1[0m  [["id", 1]]
Completed 200 OK in 86ms (Views: 85.4ms | ActiveRecord: 0.3ms)


Started GET "/messages/new" for ::1 at 2015-11-18 11:25:07 -0500
Processing by MessagesController#new as HTML
  [1m[35mUser Load (0.2ms)[0m  SELECT  "users".* FROM "users" WHERE "users"."id" = ?  ORDER BY "users"."id" ASC LIMIT 1  [["id", 1]]
  Rendered messages/_form.html.erb (49.0ms)
  Rendered messages/new.html.erb within layouts/application (51.2ms)
Completed 200 OK in 172ms (Views: 142.5ms | ActiveRecord: 0.3ms)


Started POST "/messages" for ::1 at 2015-11-18 11:25:13 -0500
Processing by MessagesController#create as HTML
  Parameters: {"utf8"=>"✓", "authenticity_token"=>"GOnNlJTOV0x2Abc5B7KSjEy63AccInt+booB9fgxc72AvJBqlycztK6whiKBIdgp/gGwnvgU34sCSmgupOgfwg==", "message"=>{"title"=>"Hello", "description"=>"Test Message"}, "commit"=>"Create Message"}
  [1m[36mUser Load (0.3ms)[0m  [1mSELECT  "users".* FROM "users" WHERE "users"."id" = ?  ORDER BY "users"."id" ASC LIMIT 1[0m  [["id", 1]]
  [1m[35m (0.1ms)[0m  begin transaction
  [1m[36mSQL (0.6ms)[0m  [1mINSERT INTO "messages" ("title", "description", "user_id", "created_at", "updated_at") VALUES (?, ?, ?, ?, ?)[0m  [["title", "Hello"], ["description", "Test Message"], ["user_id", 1], ["created_at", "2015-11-18 16:25:13.443954"], ["updated_at", "2015-11-18 16:25:13.443954"]]
  [1m[35m (0.8ms)[0m  commit transaction
Redirected to http://localhost:3000/
Completed 302 Found in 11ms (ActiveRecord: 1.8ms)


Started GET "/" for ::1 at 2015-11-18 11:25:13 -0500
Processing by MessagesController#index as HTML
  [1m[36mMessage Load (0.2ms)[0m  [1mSELECT "messages".* FROM "messages"  ORDER BY created_at DESC[0m
  Rendered messages/index.html.erb within layouts/application (2.5ms)
  [1m[35mUser Load (0.1ms)[0m  SELECT  "users".* FROM "users" WHERE "users"."id" = ?  ORDER BY "users"."id" ASC LIMIT 1  [["id", 1]]
Completed 200 OK in 117ms (Views: 115.9ms | ActiveRecord: 0.3ms)


Started GET "/messages/1" for ::1 at 2015-11-18 11:25:18 -0500
Processing by MessagesController#show as HTML
  Parameters: {"id"=>"1"}
  [1m[36mMessage Load (0.3ms)[0m  [1mSELECT  "messages".* FROM "messages" WHERE "messages"."id" = ? LIMIT 1[0m  [["id", 1]]
  [1m[35mUser Load (0.2ms)[0m  SELECT  "users".* FROM "users" WHERE "users"."id" = ? LIMIT 1  [["id", 1]]
  [1m[36mComment Load (0.5ms)[0m  [1mSELECT "comments".* FROM "comments" WHERE "comments"."message_id" = ?[0m  [["message_id", 1]]
  Rendered collection (0.0ms)
  Rendered comments/_form.html.erb (21.7ms)
  [1m[35mUser Load (0.1ms)[0m  SELECT  "users".* FROM "users" WHERE "users"."id" = ?  ORDER BY "users"."id" ASC LIMIT 1  [["id", 1]]
  Rendered messages/show.html.erb within layouts/application (32.8ms)
Completed 200 OK in 141ms (Views: 135.6ms | ActiveRecord: 1.5ms)


Started GET "/users/sign_up" for ::1 at 2015-11-18 11:25:37 -0500
Processing by Devise::RegistrationsController#new as HTML
  [1m[36mUser Load (0.1ms)[0m  [1mSELECT  "users".* FROM "users" WHERE "users"."id" = ?  ORDER BY "users"."id" ASC LIMIT 1[0m  [["id", 1]]
Redirected to http://localhost:3000/
Filter chain halted as :require_no_authentication rendered or redirected
Completed 302 Found in 2ms (ActiveRecord: 0.1ms)


Started GET "/" for ::1 at 2015-11-18 11:25:37 -0500
Processing by MessagesController#index as HTML
  [1m[35mMessage Load (0.1ms)[0m  SELECT "messages".* FROM "messages"  ORDER BY created_at DESC
  Rendered messages/index.html.erb within layouts/application (0.8ms)
  [1m[36mUser Load (0.2ms)[0m  [1mSELECT  "users".* FROM "users" WHERE "users"."id" = ?  ORDER BY "users"."id" ASC LIMIT 1[0m  [["id", 1]]
Completed 200 OK in 112ms (Views: 111.0ms | ActiveRecord: 0.4ms)


Started GET "/messages/1" for ::1 at 2015-11-18 11:25:39 -0500
Processing by MessagesController#show as HTML
  Parameters: {"id"=>"1"}
  [1m[35mMessage Load (0.1ms)[0m  SELECT  "messages".* FROM "messages" WHERE "messages"."id" = ? LIMIT 1  [["id", 1]]
  [1m[36mUser Load (0.1ms)[0m  [1mSELECT  "users".* FROM "users" WHERE "users"."id" = ? LIMIT 1[0m  [["id", 1]]
  [1m[35mComment Load (0.1ms)[0m  SELECT "comments".* FROM "comments" WHERE "comments"."message_id" = ?  [["message_id", 1]]
  Rendered collection (0.1ms)
  Rendered comments/_form.html.erb (19.8ms)
  [1m[36mUser Load (0.1ms)[0m  [1mSELECT  "users".* FROM "users" WHERE "users"."id" = ?  ORDER BY "users"."id" ASC LIMIT 1[0m  [["id", 1]]
  Rendered messages/show.html.erb within layouts/application (24.4ms)
Completed 200 OK in 125ms (Views: 123.9ms | ActiveRecord: 0.3ms)


Started DELETE "/messages/1" for ::1 at 2015-11-18 11:26:06 -0500
Processing by MessagesController#destroy as HTML
  Parameters: {"authenticity_token"=>"HWajef5qoK+PPor9LlWIbexbL7+kv+5RmrQVNUV2pBWFM/6H/YPEV1ePu+aoxsLIXuBDJkCJSqT2dHzuGa/Iag==", "id"=>"1"}
  [1m[35mMessage Load (0.1ms)[0m  SELECT  "messages".* FROM "messages" WHERE "messages"."id" = ? LIMIT 1  [["id", 1]]
  [1m[36m (0.1ms)[0m  [1mbegin transaction[0m
  [1m[35mSQL (0.5ms)[0m  DELETE FROM "messages" WHERE "messages"."id" = ?  [["id", 1]]
  [1m[36m (1.0ms)[0m  [1mcommit transaction[0m
Redirected to http://localhost:3000/
Completed 302 Found in 5ms (ActiveRecord: 1.7ms)


Started GET "/" for ::1 at 2015-11-18 11:26:06 -0500
Processing by MessagesController#index as HTML
  [1m[35mMessage Load (0.8ms)[0m  SELECT "messages".* FROM "messages"  ORDER BY created_at DESC
  Rendered messages/index.html.erb within layouts/application (3.3ms)
  [1m[36mUser Load (0.1ms)[0m  [1mSELECT  "users".* FROM "users" WHERE "users"."id" = ?  ORDER BY "users"."id" ASC LIMIT 1[0m  [["id", 1]]
Completed 200 OK in 135ms (Views: 133.0ms | ActiveRecord: 0.9ms)


Started GET "/messages/new" for ::1 at 2015-11-18 11:26:23 -0500
Processing by MessagesController#new as HTML
  [1m[35mUser Load (0.1ms)[0m  SELECT  "users".* FROM "users" WHERE "users"."id" = ?  ORDER BY "users"."id" ASC LIMIT 1  [["id", 1]]
  Rendered messages/_form.html.erb (33.9ms)
  Rendered messages/new.html.erb within layouts/application (35.9ms)
Completed 200 OK in 138ms (Views: 136.0ms | ActiveRecord: 0.1ms)


Started DELETE "/users/sign_out" for ::1 at 2015-11-18 11:27:12 -0500
Processing by Devise::SessionsController#destroy as HTML
  Parameters: {"authenticity_token"=>"y2ijCc1FGcanxLg/MJgL2K7ev1SqWChMhr+/OoPPchxTPf73zqx9Pn91iSS2C0F9HGXTzU5ujLnqf9bh3xYeYw=="}
  [1m[36mUser Load (1.2ms)[0m  [1mSELECT  "users".* FROM "users" WHERE "users"."id" = ?  ORDER BY "users"."id" ASC LIMIT 1[0m  [["id", 1]]
  [1m[35m (0.5ms)[0m  begin transaction
  [1m[36m (0.1ms)[0m  [1mcommit transaction[0m
Redirected to http://localhost:3000/
Completed 302 Found in 66ms (ActiveRecord: 1.8ms)


Started GET "/" for ::1 at 2015-11-18 11:27:12 -0500
Processing by MessagesController#index as HTML
  [1m[35mMessage Load (0.4ms)[0m  SELECT "messages".* FROM "messages"  ORDER BY created_at DESC
  Rendered messages/index.html.erb within layouts/application (1.8ms)
Completed 200 OK in 178ms (Views: 175.7ms | ActiveRecord: 0.4ms)


Started GET "/" for ::1 at 2015-11-18 11:27:14 -0500
Processing by MessagesController#index as HTML
  [1m[36mMessage Load (0.1ms)[0m  [1mSELECT "messages".* FROM "messages"  ORDER BY created_at DESC[0m
  Rendered messages/index.html.erb within layouts/application (0.5ms)
Completed 200 OK in 197ms (Views: 196.2ms | ActiveRecord: 0.1ms)


Started GET "/users/sign_in" for ::1 at 2015-11-18 11:27:16 -0500
Processing by Devise::SessionsController#new as HTML
  Rendered devise/shared/_links.html.erb (0.6ms)
  Rendered devise/sessions/new.html.erb within layouts/application (82.8ms)
Completed 200 OK in 184ms (Views: 181.9ms | ActiveRecord: 0.0ms)


Started POST "/users/sign_in" for ::1 at 2015-11-18 11:27:20 -0500
Processing by Devise::SessionsController#create as HTML
  Parameters: {"utf8"=>"✓", "authenticity_token"=>"9cfgfuZGRgk0BKWsNFUM9MNh2JgLXOFJg69q9btrNuxY01mwTcV7gugld8p45S7gJar6Wmpy4tQlcWIFptT4jA==", "user"=>{"email"=>"shihanrehman@gmail.com", "password"=>"[FILTERED]", "remember_me"=>"0"}, "commit"=>"Log in"}
  [1m[35mUser Load (0.2ms)[0m  SELECT  "users".* FROM "users" WHERE "users"."email" = ?  ORDER BY "users"."id" ASC LIMIT 1  [["email", "shihanrehman@gmail.com"]]
  [1m[36m (0.1ms)[0m  [1mbegin transaction[0m
  [1m[35mSQL (1.2ms)[0m  UPDATE "users" SET "current_sign_in_at" = ?, "sign_in_count" = ?, "updated_at" = ? WHERE "users"."id" = ?  [["current_sign_in_at", "2015-11-18 16:27:20.883200"], ["sign_in_count", 2], ["updated_at", "2015-11-18 16:27:20.884063"], ["id", 1]]
  [1m[36m (0.8ms)[0m  [1mcommit transaction[0m
Redirected to http://localhost:3000/
Completed 302 Found in 92ms (ActiveRecord: 2.3ms)


Started GET "/" for ::1 at 2015-11-18 11:27:20 -0500
Processing by MessagesController#index as HTML
  [1m[35mMessage Load (0.1ms)[0m  SELECT "messages".* FROM "messages"  ORDER BY created_at DESC
  Rendered messages/index.html.erb within layouts/application (0.6ms)
  [1m[36mUser Load (0.1ms)[0m  [1mSELECT  "users".* FROM "users" WHERE "users"."id" = ?  ORDER BY "users"."id" ASC LIMIT 1[0m  [["id", 1]]
Completed 200 OK in 94ms (Views: 92.8ms | ActiveRecord: 0.2ms)


Started GET "/messages/new" for ::1 at 2015-11-18 11:27:31 -0500
Processing by MessagesController#new as HTML
  [1m[35mUser Load (0.3ms)[0m  SELECT  "users".* FROM "users" WHERE "users"."id" = ?  ORDER BY "users"."id" ASC LIMIT 1  [["id", 1]]
  Rendered messages/_form.html.erb (45.5ms)
  Rendered messages/new.html.erb within layouts/application (47.4ms)
Completed 200 OK in 150ms (Views: 146.0ms | ActiveRecord: 0.3ms)


Started POST "/messages" for ::1 at 2015-11-18 11:27:51 -0500
Processing by MessagesController#create as HTML
  Parameters: {"utf8"=>"✓", "authenticity_token"=>"JhODx6/Xosq/M7QMXLyvfrTDjXExDR7EGJyplFdFhHib35P23xsBg1m0zakMZY9rSXatQ4w/xWu7NnO/gA+Dwg==", "message"=>{"title"=>"Message board app", "description"=>"Built with rails"}, "commit"=>"Create Message"}
  [1m[36mUser Load (0.1ms)[0m  [1mSELECT  "users".* FROM "users" WHERE "users"."id" = ?  ORDER BY "users"."id" ASC LIMIT 1[0m  [["id", 1]]
  [1m[35m (0.1ms)[0m  begin transaction
  [1m[36mSQL (0.9ms)[0m  [1mINSERT INTO "messages" ("title", "description", "user_id", "created_at", "updated_at") VALUES (?, ?, ?, ?, ?)[0m  [["title", "Message board app"], ["description", "Built with rails"], ["user_id", 1], ["created_at", "2015-11-18 16:27:51.204582"], ["updated_at", "2015-11-18 16:27:51.204582"]]
  [1m[35m (1.4ms)[0m  commit transaction
Redirected to http://localhost:3000/
Completed 302 Found in 10ms (ActiveRecord: 2.5ms)


Started GET "/" for ::1 at 2015-11-18 11:27:51 -0500
Processing by MessagesController#index as HTML
  [1m[36mMessage Load (0.2ms)[0m  [1mSELECT "messages".* FROM "messages"  ORDER BY created_at DESC[0m
  Rendered messages/index.html.erb within layouts/application (1.6ms)
  [1m[35mUser Load (0.1ms)[0m  SELECT  "users".* FROM "users" WHERE "users"."id" = ?  ORDER BY "users"."id" ASC LIMIT 1  [["id", 1]]
Completed 200 OK in 114ms (Views: 113.5ms | ActiveRecord: 0.3ms)


Started GET "/" for ::1 at 2015-11-18 11:28:14 -0500
Processing by MessagesController#index as HTML
  [1m[36mMessage Load (0.1ms)[0m  [1mSELECT "messages".* FROM "messages"  ORDER BY created_at DESC[0m
  Rendered messages/index.html.erb within layouts/application (0.7ms)
  [1m[35mUser Load (0.1ms)[0m  SELECT  "users".* FROM "users" WHERE "users"."id" = ?  ORDER BY "users"."id" ASC LIMIT 1  [["id", 1]]
Completed 200 OK in 117ms (Views: 116.4ms | ActiveRecord: 0.2ms)


Started GET "/" for ::1 at 2015-11-18 11:28:15 -0500
Processing by MessagesController#index as HTML
  [1m[36mMessage Load (0.1ms)[0m  [1mSELECT "messages".* FROM "messages"  ORDER BY created_at DESC[0m
  Rendered messages/index.html.erb within layouts/application (1.0ms)
  [1m[35mUser Load (0.1ms)[0m  SELECT  "users".* FROM "users" WHERE "users"."id" = ?  ORDER BY "users"."id" ASC LIMIT 1  [["id", 1]]
Completed 200 OK in 99ms (Views: 97.6ms | ActiveRecord: 0.2ms)


Started GET "/messages/2" for ::1 at 2015-11-18 11:28:16 -0500
Processing by MessagesController#show as HTML
  Parameters: {"id"=>"2"}
  [1m[36mMessage Load (0.1ms)[0m  [1mSELECT  "messages".* FROM "messages" WHERE "messages"."id" = ? LIMIT 1[0m  [["id", 2]]
  [1m[35mUser Load (0.1ms)[0m  SELECT  "users".* FROM "users" WHERE "users"."id" = ? LIMIT 1  [["id", 1]]
  [1m[36mComment Load (0.1ms)[0m  [1mSELECT "comments".* FROM "comments" WHERE "comments"."message_id" = ?[0m  [["message_id", 2]]
  Rendered collection (0.0ms)
  Rendered comments/_form.html.erb (19.8ms)
  [1m[35mUser Load (0.2ms)[0m  SELECT  "users".* FROM "users" WHERE "users"."id" = ?  ORDER BY "users"."id" ASC LIMIT 1  [["id", 1]]
  Rendered messages/show.html.erb within layouts/application (25.5ms)
Completed 200 OK in 125ms (Views: 123.9ms | ActiveRecord: 0.4ms)


Started GET "/users/sign_up" for ::1 at 2015-11-18 11:29:47 -0500
Processing by Devise::RegistrationsController#new as HTML
  [1m[36mUser Load (0.1ms)[0m  [1mSELECT  "users".* FROM "users" WHERE "users"."id" = ?  ORDER BY "users"."id" ASC LIMIT 1[0m  [["id", 1]]
Redirected to http://localhost:3000/
Filter chain halted as :require_no_authentication rendered or redirected
Completed 302 Found in 3ms (ActiveRecord: 0.1ms)


Started GET "/" for ::1 at 2015-11-18 11:29:47 -0500
Processing by MessagesController#index as HTML
  [1m[35mMessage Load (0.1ms)[0m  SELECT "messages".* FROM "messages"  ORDER BY created_at DESC
  Rendered messages/index.html.erb within layouts/application (0.9ms)
  [1m[36mUser Load (0.1ms)[0m  [1mSELECT  "users".* FROM "users" WHERE "users"."id" = ?  ORDER BY "users"."id" ASC LIMIT 1[0m  [["id", 1]]
Completed 200 OK in 108ms (Views: 107.1ms | ActiveRecord: 0.2ms)


Started GET "/" for ::1 at 2015-11-18 11:29:48 -0500
Processing by MessagesController#index as HTML
  [1m[35mMessage Load (0.1ms)[0m  SELECT "messages".* FROM "messages"  ORDER BY created_at DESC
  Rendered messages/index.html.erb within layouts/application (0.9ms)
  [1m[36mUser Load (0.1ms)[0m  [1mSELECT  "users".* FROM "users" WHERE "users"."id" = ?  ORDER BY "users"."id" ASC LIMIT 1[0m  [["id", 1]]
Completed 200 OK in 93ms (Views: 92.6ms | ActiveRecord: 0.2ms)


Started GET "/" for ::1 at 2015-11-18 11:29:49 -0500
Processing by MessagesController#index as HTML
  [1m[35mMessage Load (0.2ms)[0m  SELECT "messages".* FROM "messages"  ORDER BY created_at DESC
  Rendered messages/index.html.erb within layouts/application (1.2ms)
  [1m[36mUser Load (0.1ms)[0m  [1mSELECT  "users".* FROM "users" WHERE "users"."id" = ?  ORDER BY "users"."id" ASC LIMIT 1[0m  [["id", 1]]
Completed 200 OK in 76ms (Views: 75.0ms | ActiveRecord: 0.3ms)


Started GET "/" for ::1 at 2015-11-18 11:29:49 -0500
Processing by MessagesController#index as HTML
  [1m[35mMessage Load (0.1ms)[0m  SELECT "messages".* FROM "messages"  ORDER BY created_at DESC
  Rendered messages/index.html.erb within layouts/application (0.6ms)
  [1m[36mUser Load (0.1ms)[0m  [1mSELECT  "users".* FROM "users" WHERE "users"."id" = ?  ORDER BY "users"."id" ASC LIMIT 1[0m  [["id", 1]]
Completed 200 OK in 99ms (Views: 98.6ms | ActiveRecord: 0.3ms)


Started GET "/" for ::1 at 2015-11-18 11:29:49 -0500
Processing by MessagesController#index as HTML
  [1m[35mMessage Load (0.1ms)[0m  SELECT "messages".* FROM "messages"  ORDER BY created_at DESC
  Rendered messages/index.html.erb within layouts/application (0.9ms)
  [1m[36mUser Load (0.1ms)[0m  [1mSELECT  "users".* FROM "users" WHERE "users"."id" = ?  ORDER BY "users"."id" ASC LIMIT 1[0m  [["id", 1]]
Completed 200 OK in 86ms (Views: 85.1ms | ActiveRecord: 0.2ms)


Started GET "/" for ::1 at 2015-11-18 11:29:49 -0500
Processing by MessagesController#index as HTML
  [1m[35mMessage Load (0.1ms)[0m  SELECT "messages".* FROM "messages"  ORDER BY created_at DESC
  Rendered messages/index.html.erb within layouts/application (0.8ms)
  [1m[36mUser Load (0.1ms)[0m  [1mSELECT  "users".* FROM "users" WHERE "users"."id" = ?  ORDER BY "users"."id" ASC LIMIT 1[0m  [["id", 1]]
Completed 200 OK in 90ms (Views: 89.4ms | ActiveRecord: 0.2ms)


Started GET "/messages/new" for ::1 at 2015-11-18 11:29:54 -0500
Processing by MessagesController#new as HTML
  [1m[35mUser Load (0.1ms)[0m  SELECT  "users".* FROM "users" WHERE "users"."id" = ?  ORDER BY "users"."id" ASC LIMIT 1  [["id", 1]]
  Rendered messages/_form.html.erb (35.6ms)
  Rendered messages/new.html.erb within layouts/application (37.7ms)
Completed 200 OK in 134ms (Views: 130.7ms | ActiveRecord: 0.1ms)


Started GET "/" for ::1 at 2015-11-18 11:33:53 -0500
Processing by MessagesController#index as HTML
  [1m[36mMessage Load (0.9ms)[0m  [1mSELECT "messages".* FROM "messages"  ORDER BY created_at DESC[0m
  Rendered messages/index.html.erb within layouts/application (12.3ms)
  [1m[35mUser Load (0.2ms)[0m  SELECT  "users".* FROM "users" WHERE "users"."id" = ?  ORDER BY "users"."id" ASC LIMIT 1  [["id", 1]]
Completed 200 OK in 236ms (Views: 225.1ms | ActiveRecord: 1.2ms)


Started GET "/" for ::1 at 2015-11-18 11:33:53 -0500
Processing by MessagesController#index as HTML
  [1m[36mMessage Load (0.1ms)[0m  [1mSELECT "messages".* FROM "messages"  ORDER BY created_at DESC[0m
  Rendered messages/index.html.erb within layouts/application (1.0ms)
  [1m[35mUser Load (0.2ms)[0m  SELECT  "users".* FROM "users" WHERE "users"."id" = ?  ORDER BY "users"."id" ASC LIMIT 1  [["id", 1]]
Completed 200 OK in 114ms (Views: 112.3ms | ActiveRecord: 0.3ms)


Started GET "/messages/2" for ::1 at 2015-11-18 11:34:08 -0500
Processing by MessagesController#show as HTML
  Parameters: {"id"=>"2"}
  [1m[36mMessage Load (0.1ms)[0m  [1mSELECT  "messages".* FROM "messages" WHERE "messages"."id" = ? LIMIT 1[0m  [["id", 2]]
  [1m[35mUser Load (0.4ms)[0m  SELECT  "users".* FROM "users" WHERE "users"."id" = ? LIMIT 1  [["id", 1]]
  [1m[36mComment Load (0.1ms)[0m  [1mSELECT "comments".* FROM "comments" WHERE "comments"."message_id" = ?[0m  [["message_id", 2]]
  Rendered collection (0.0ms)
  Rendered comments/_form.html.erb (87.4ms)
  [1m[35mUser Load (0.1ms)[0m  SELECT  "users".* FROM "users" WHERE "users"."id" = ?  ORDER BY "users"."id" ASC LIMIT 1  [["id", 1]]
  Rendered messages/show.html.erb within layouts/application (97.5ms)
Completed 200 OK in 250ms (Views: 248.0ms | ActiveRecord: 0.8ms)


Started GET "/" for ::1 at 2015-11-30 15:12:41 -0500

ActiveRecord::NoDatabaseError (FATAL:  role "postgres" does not exist
):
  activerecord (4.2.1) lib/active_record/connection_adapters/postgresql_adapter.rb:661:in `rescue in connect'
  activerecord (4.2.1) lib/active_record/connection_adapters/postgresql_adapter.rb:651:in `connect'
  activerecord (4.2.1) lib/active_record/connection_adapters/postgresql_adapter.rb:242:in `initialize'
  activerecord (4.2.1) lib/active_record/connection_adapters/postgresql_adapter.rb:44:in `new'
  activerecord (4.2.1) lib/active_record/connection_adapters/postgresql_adapter.rb:44:in `postgresql_connection'
  activerecord (4.2.1) lib/active_record/connection_adapters/abstract/connection_pool.rb:438:in `new_connection'
  activerecord (4.2.1) lib/active_record/connection_adapters/abstract/connection_pool.rb:448:in `checkout_new_connection'
  activerecord (4.2.1) lib/active_record/connection_adapters/abstract/connection_pool.rb:422:in `acquire_connection'
  activerecord (4.2.1) lib/active_record/connection_adapters/abstract/connection_pool.rb:349:in `block in checkout'
  /Users/shihanrehman/.rvm/rubies/ruby-2.2.1/lib/ruby/2.2.0/monitor.rb:211:in `mon_synchronize'
  activerecord (4.2.1) lib/active_record/connection_adapters/abstract/connection_pool.rb:348:in `checkout'
  activerecord (4.2.1) lib/active_record/connection_adapters/abstract/connection_pool.rb:263:in `block in connection'
  /Users/shihanrehman/.rvm/rubies/ruby-2.2.1/lib/ruby/2.2.0/monitor.rb:211:in `mon_synchronize'
  activerecord (4.2.1) lib/active_record/connection_adapters/abstract/connection_pool.rb:262:in `connection'
  activerecord (4.2.1) lib/active_record/connection_adapters/abstract/connection_pool.rb:567:in `retrieve_connection'
  activerecord (4.2.1) lib/active_record/connection_handling.rb:113:in `retrieve_connection'
  activerecord (4.2.1) lib/active_record/connection_handling.rb:87:in `connection'
  activerecord (4.2.1) lib/active_record/migration.rb:384:in `connection'
  activerecord (4.2.1) lib/active_record/migration.rb:371:in `call'
  actionpack (4.2.1) lib/action_dispatch/middleware/callbacks.rb:29:in `block in call'
  activesupport (4.2.1) lib/active_support/callbacks.rb:88:in `call'
  activesupport (4.2.1) lib/active_support/callbacks.rb:88:in `_run_callbacks'
  activesupport (4.2.1) lib/active_support/callbacks.rb:776:in `_run_call_callbacks'
  activesupport (4.2.1) lib/active_support/callbacks.rb:81:in `run_callbacks'
  actionpack (4.2.1) lib/action_dispatch/middleware/callbacks.rb:27:in `call'
  actionpack (4.2.1) lib/action_dispatch/middleware/reloader.rb:73:in `call'
  actionpack (4.2.1) lib/action_dispatch/middleware/remote_ip.rb:78:in `call'
  actionpack (4.2.1) lib/action_dispatch/middleware/debug_exceptions.rb:17:in `call'
  web-console (2.1.2) lib/web_console/middleware.rb:37:in `call'
  actionpack (4.2.1) lib/action_dispatch/middleware/show_exceptions.rb:30:in `call'
  railties (4.2.1) lib/rails/rack/logger.rb:38:in `call_app'
  railties (4.2.1) lib/rails/rack/logger.rb:20:in `block in call'
  activesupport (4.2.1) lib/active_support/tagged_logging.rb:68:in `block in tagged'
  activesupport (4.2.1) lib/active_support/tagged_logging.rb:26:in `tagged'
  activesupport (4.2.1) lib/active_support/tagged_logging.rb:68:in `tagged'
  railties (4.2.1) lib/rails/rack/logger.rb:20:in `call'
  actionpack (4.2.1) lib/action_dispatch/middleware/request_id.rb:21:in `call'
  rack (1.6.1) lib/rack/methodoverride.rb:22:in `call'
  rack (1.6.1) lib/rack/runtime.rb:18:in `call'
  activesupport (4.2.1) lib/active_support/cache/strategy/local_cache_middleware.rb:28:in `call'
  rack (1.6.1) lib/rack/lock.rb:17:in `call'
  actionpack (4.2.1) lib/action_dispatch/middleware/static.rb:113:in `call'
  rack (1.6.1) lib/rack/sendfile.rb:113:in `call'
  railties (4.2.1) lib/rails/engine.rb:518:in `call'
  railties (4.2.1) lib/rails/application.rb:164:in `call'
  rack (1.6.1) lib/rack/lock.rb:17:in `call'
  rack (1.6.1) lib/rack/content_length.rb:15:in `call'
  rack (1.6.1) lib/rack/handler/webrick.rb:89:in `service'
  /Users/shihanrehman/.rvm/rubies/ruby-2.2.1/lib/ruby/2.2.0/webrick/httpserver.rb:138:in `service'
  /Users/shihanrehman/.rvm/rubies/ruby-2.2.1/lib/ruby/2.2.0/webrick/httpserver.rb:94:in `run'
  /Users/shihanrehman/.rvm/rubies/ruby-2.2.1/lib/ruby/2.2.0/webrick/server.rb:294:in `block in start_thread'


  Rendered /Users/shihanrehman/.rvm/gems/ruby-2.2.1/gems/actionpack-4.2.1/lib/action_dispatch/middleware/templates/rescues/_source.erb (4.4ms)
  Rendered /Users/shihanrehman/.rvm/gems/ruby-2.2.1/gems/actionpack-4.2.1/lib/action_dispatch/middleware/templates/rescues/_trace.html.erb (1.8ms)
  Rendered /Users/shihanrehman/.rvm/gems/ruby-2.2.1/gems/actionpack-4.2.1/lib/action_dispatch/middleware/templates/rescues/_request_and_response.html.erb (0.9ms)
  Rendered /Users/shihanrehman/.rvm/gems/ruby-2.2.1/gems/actionpack-4.2.1/lib/action_dispatch/middleware/templates/rescues/diagnostics.html.erb within rescues/layout (59.6ms)
  Rendered /Users/shihanrehman/.rvm/gems/ruby-2.2.1/gems/web-console-2.1.2/lib/web_console/templates/_markup.html.erb (0.4ms)
  Rendered /Users/shihanrehman/.rvm/gems/ruby-2.2.1/gems/web-console-2.1.2/lib/web_console/templates/style.css.erb within layouts/inlined_string (0.4ms)
  Rendered /Users/shihanrehman/.rvm/gems/ruby-2.2.1/gems/web-console-2.1.2/lib/web_console/templates/_inner_console_markup.html.erb within layouts/inlined_string (0.7ms)
  Rendered /Users/shihanrehman/.rvm/gems/ruby-2.2.1/gems/web-console-2.1.2/lib/web_console/templates/_prompt_box_markup.html.erb within layouts/inlined_string (0.3ms)
  Rendered /Users/shihanrehman/.rvm/gems/ruby-2.2.1/gems/web-console-2.1.2/lib/web_console/templates/console.js.erb within layouts/javascript (46.1ms)
  Rendered /Users/shihanrehman/.rvm/gems/ruby-2.2.1/gems/web-console-2.1.2/lib/web_console/templates/main.js.erb within layouts/javascript (0.4ms)
  Rendered /Users/shihanrehman/.rvm/gems/ruby-2.2.1/gems/web-console-2.1.2/lib/web_console/templates/error_page.js.erb within layouts/javascript (0.4ms)
  Rendered /Users/shihanrehman/.rvm/gems/ruby-2.2.1/gems/web-console-2.1.2/lib/web_console/templates/index.html.erb (111.1ms)


Started GET "/" for ::1 at 2015-11-30 15:12:44 -0500

ActiveRecord::NoDatabaseError (FATAL:  role "postgres" does not exist
):
  activerecord (4.2.1) lib/active_record/connection_adapters/postgresql_adapter.rb:661:in `rescue in connect'
  activerecord (4.2.1) lib/active_record/connection_adapters/postgresql_adapter.rb:651:in `connect'
  activerecord (4.2.1) lib/active_record/connection_adapters/postgresql_adapter.rb:242:in `initialize'
  activerecord (4.2.1) lib/active_record/connection_adapters/postgresql_adapter.rb:44:in `new'
  activerecord (4.2.1) lib/active_record/connection_adapters/postgresql_adapter.rb:44:in `postgresql_connection'
  activerecord (4.2.1) lib/active_record/connection_adapters/abstract/connection_pool.rb:438:in `new_connection'
  activerecord (4.2.1) lib/active_record/connection_adapters/abstract/connection_pool.rb:448:in `checkout_new_connection'
  activerecord (4.2.1) lib/active_record/connection_adapters/abstract/connection_pool.rb:422:in `acquire_connection'
  activerecord (4.2.1) lib/active_record/connection_adapters/abstract/connection_pool.rb:349:in `block in checkout'
  /Users/shihanrehman/.rvm/rubies/ruby-2.2.1/lib/ruby/2.2.0/monitor.rb:211:in `mon_synchronize'
  activerecord (4.2.1) lib/active_record/connection_adapters/abstract/connection_pool.rb:348:in `checkout'
  activerecord (4.2.1) lib/active_record/connection_adapters/abstract/connection_pool.rb:263:in `block in connection'
  /Users/shihanrehman/.rvm/rubies/ruby-2.2.1/lib/ruby/2.2.0/monitor.rb:211:in `mon_synchronize'
  activerecord (4.2.1) lib/active_record/connection_adapters/abstract/connection_pool.rb:262:in `connection'
  activerecord (4.2.1) lib/active_record/connection_adapters/abstract/connection_pool.rb:567:in `retrieve_connection'
  activerecord (4.2.1) lib/active_record/connection_handling.rb:113:in `retrieve_connection'
  activerecord (4.2.1) lib/active_record/connection_handling.rb:87:in `connection'
  activerecord (4.2.1) lib/active_record/migration.rb:384:in `connection'
  activerecord (4.2.1) lib/active_record/migration.rb:371:in `call'
  actionpack (4.2.1) lib/action_dispatch/middleware/callbacks.rb:29:in `block in call'
  activesupport (4.2.1) lib/active_support/callbacks.rb:88:in `call'
  activesupport (4.2.1) lib/active_support/callbacks.rb:88:in `_run_callbacks'
  activesupport (4.2.1) lib/active_support/callbacks.rb:776:in `_run_call_callbacks'
  activesupport (4.2.1) lib/active_support/callbacks.rb:81:in `run_callbacks'
  actionpack (4.2.1) lib/action_dispatch/middleware/callbacks.rb:27:in `call'
  actionpack (4.2.1) lib/action_dispatch/middleware/reloader.rb:73:in `call'
  actionpack (4.2.1) lib/action_dispatch/middleware/remote_ip.rb:78:in `call'
  actionpack (4.2.1) lib/action_dispatch/middleware/debug_exceptions.rb:17:in `call'
  web-console (2.1.2) lib/web_console/middleware.rb:37:in `call'
  actionpack (4.2.1) lib/action_dispatch/middleware/show_exceptions.rb:30:in `call'
  railties (4.2.1) lib/rails/rack/logger.rb:38:in `call_app'
  railties (4.2.1) lib/rails/rack/logger.rb:20:in `block in call'
  activesupport (4.2.1) lib/active_support/tagged_logging.rb:68:in `block in tagged'
  activesupport (4.2.1) lib/active_support/tagged_logging.rb:26:in `tagged'
  activesupport (4.2.1) lib/active_support/tagged_logging.rb:68:in `tagged'
  railties (4.2.1) lib/rails/rack/logger.rb:20:in `call'
  actionpack (4.2.1) lib/action_dispatch/middleware/request_id.rb:21:in `call'
  rack (1.6.1) lib/rack/methodoverride.rb:22:in `call'
  rack (1.6.1) lib/rack/runtime.rb:18:in `call'
  activesupport (4.2.1) lib/active_support/cache/strategy/local_cache_middleware.rb:28:in `call'
  rack (1.6.1) lib/rack/lock.rb:17:in `call'
  actionpack (4.2.1) lib/action_dispatch/middleware/static.rb:113:in `call'
  rack (1.6.1) lib/rack/sendfile.rb:113:in `call'
  railties (4.2.1) lib/rails/engine.rb:518:in `call'
  railties (4.2.1) lib/rails/application.rb:164:in `call'
  rack (1.6.1) lib/rack/lock.rb:17:in `call'
  rack (1.6.1) lib/rack/content_length.rb:15:in `call'
  rack (1.6.1) lib/rack/handler/webrick.rb:89:in `service'
  /Users/shihanrehman/.rvm/rubies/ruby-2.2.1/lib/ruby/2.2.0/webrick/httpserver.rb:138:in `service'
  /Users/shihanrehman/.rvm/rubies/ruby-2.2.1/lib/ruby/2.2.0/webrick/httpserver.rb:94:in `run'
  /Users/shihanrehman/.rvm/rubies/ruby-2.2.1/lib/ruby/2.2.0/webrick/server.rb:294:in `block in start_thread'


  Rendered /Users/shihanrehman/.rvm/gems/ruby-2.2.1/gems/actionpack-4.2.1/lib/action_dispatch/middleware/templates/rescues/_source.erb (2.9ms)
  Rendered /Users/shihanrehman/.rvm/gems/ruby-2.2.1/gems/actionpack-4.2.1/lib/action_dispatch/middleware/templates/rescues/_trace.html.erb (1.5ms)
  Rendered /Users/shihanrehman/.rvm/gems/ruby-2.2.1/gems/actionpack-4.2.1/lib/action_dispatch/middleware/templates/rescues/_request_and_response.html.erb (1.0ms)
  Rendered /Users/shihanrehman/.rvm/gems/ruby-2.2.1/gems/actionpack-4.2.1/lib/action_dispatch/middleware/templates/rescues/diagnostics.html.erb within rescues/layout (47.6ms)
  Rendered /Users/shihanrehman/.rvm/gems/ruby-2.2.1/gems/web-console-2.1.2/lib/web_console/templates/_markup.html.erb (0.3ms)
  Rendered /Users/shihanrehman/.rvm/gems/ruby-2.2.1/gems/web-console-2.1.2/lib/web_console/templates/style.css.erb within layouts/inlined_string (0.2ms)
  Rendered /Users/shihanrehman/.rvm/gems/ruby-2.2.1/gems/web-console-2.1.2/lib/web_console/templates/_inner_console_markup.html.erb within layouts/inlined_string (0.9ms)
  Rendered /Users/shihanrehman/.rvm/gems/ruby-2.2.1/gems/web-console-2.1.2/lib/web_console/templates/_prompt_box_markup.html.erb within layouts/inlined_string (0.3ms)
  Rendered /Users/shihanrehman/.rvm/gems/ruby-2.2.1/gems/web-console-2.1.2/lib/web_console/templates/console.js.erb within layouts/javascript (43.6ms)
  Rendered /Users/shihanrehman/.rvm/gems/ruby-2.2.1/gems/web-console-2.1.2/lib/web_console/templates/main.js.erb within layouts/javascript (0.6ms)
  Rendered /Users/shihanrehman/.rvm/gems/ruby-2.2.1/gems/web-console-2.1.2/lib/web_console/templates/error_page.js.erb within layouts/javascript (0.5ms)
  Rendered /Users/shihanrehman/.rvm/gems/ruby-2.2.1/gems/web-console-2.1.2/lib/web_console/templates/index.html.erb (93.7ms)


Started GET "/" for ::1 at 2015-11-30 15:13:41 -0500

ActiveRecord::PendingMigrationError (

Migrations are pending. To resolve this issue, run:

	bin/rake db:migrate RAILS_ENV=development

):
  activerecord (4.2.1) lib/active_record/migration.rb:393:in `check_pending!'
  activerecord (4.2.1) lib/active_record/migration.rb:374:in `call'
  actionpack (4.2.1) lib/action_dispatch/middleware/callbacks.rb:29:in `block in call'
  activesupport (4.2.1) lib/active_support/callbacks.rb:88:in `call'
  activesupport (4.2.1) lib/active_support/callbacks.rb:88:in `_run_callbacks'
  activesupport (4.2.1) lib/active_support/callbacks.rb:776:in `_run_call_callbacks'
  activesupport (4.2.1) lib/active_support/callbacks.rb:81:in `run_callbacks'
  actionpack (4.2.1) lib/action_dispatch/middleware/callbacks.rb:27:in `call'
  actionpack (4.2.1) lib/action_dispatch/middleware/reloader.rb:73:in `call'
  actionpack (4.2.1) lib/action_dispatch/middleware/remote_ip.rb:78:in `call'
  actionpack (4.2.1) lib/action_dispatch/middleware/debug_exceptions.rb:17:in `call'
  web-console (2.1.2) lib/web_console/middleware.rb:37:in `call'
  actionpack (4.2.1) lib/action_dispatch/middleware/show_exceptions.rb:30:in `call'
  railties (4.2.1) lib/rails/rack/logger.rb:38:in `call_app'
  railties (4.2.1) lib/rails/rack/logger.rb:20:in `block in call'
  activesupport (4.2.1) lib/active_support/tagged_logging.rb:68:in `block in tagged'
  activesupport (4.2.1) lib/active_support/tagged_logging.rb:26:in `tagged'
  activesupport (4.2.1) lib/active_support/tagged_logging.rb:68:in `tagged'
  railties (4.2.1) lib/rails/rack/logger.rb:20:in `call'
  actionpack (4.2.1) lib/action_dispatch/middleware/request_id.rb:21:in `call'
  rack (1.6.1) lib/rack/methodoverride.rb:22:in `call'
  rack (1.6.1) lib/rack/runtime.rb:18:in `call'
  activesupport (4.2.1) lib/active_support/cache/strategy/local_cache_middleware.rb:28:in `call'
  rack (1.6.1) lib/rack/lock.rb:17:in `call'
  actionpack (4.2.1) lib/action_dispatch/middleware/static.rb:113:in `call'
  rack (1.6.1) lib/rack/sendfile.rb:113:in `call'
  railties (4.2.1) lib/rails/engine.rb:518:in `call'
  railties (4.2.1) lib/rails/application.rb:164:in `call'
  rack (1.6.1) lib/rack/lock.rb:17:in `call'
  rack (1.6.1) lib/rack/content_length.rb:15:in `call'
  rack (1.6.1) lib/rack/handler/webrick.rb:89:in `service'
  /Users/shihanrehman/.rvm/rubies/ruby-2.2.1/lib/ruby/2.2.0/webrick/httpserver.rb:138:in `service'
  /Users/shihanrehman/.rvm/rubies/ruby-2.2.1/lib/ruby/2.2.0/webrick/httpserver.rb:94:in `run'
  /Users/shihanrehman/.rvm/rubies/ruby-2.2.1/lib/ruby/2.2.0/webrick/server.rb:294:in `block in start_thread'


  Rendered /Users/shihanrehman/.rvm/gems/ruby-2.2.1/gems/actionpack-4.2.1/lib/action_dispatch/middleware/templates/rescues/_source.erb (3.6ms)
  Rendered /Users/shihanrehman/.rvm/gems/ruby-2.2.1/gems/actionpack-4.2.1/lib/action_dispatch/middleware/templates/rescues/_trace.html.erb (1.7ms)
  Rendered /Users/shihanrehman/.rvm/gems/ruby-2.2.1/gems/actionpack-4.2.1/lib/action_dispatch/middleware/templates/rescues/_request_and_response.html.erb (1.3ms)
  Rendered /Users/shihanrehman/.rvm/gems/ruby-2.2.1/gems/actionpack-4.2.1/lib/action_dispatch/middleware/templates/rescues/diagnostics.html.erb within rescues/layout (53.1ms)
  Rendered /Users/shihanrehman/.rvm/gems/ruby-2.2.1/gems/web-console-2.1.2/lib/web_console/templates/_markup.html.erb (0.6ms)
  Rendered /Users/shihanrehman/.rvm/gems/ruby-2.2.1/gems/web-console-2.1.2/lib/web_console/templates/style.css.erb within layouts/inlined_string (0.6ms)
  Rendered /Users/shihanrehman/.rvm/gems/ruby-2.2.1/gems/web-console-2.1.2/lib/web_console/templates/_inner_console_markup.html.erb within layouts/inlined_string (0.7ms)
  Rendered /Users/shihanrehman/.rvm/gems/ruby-2.2.1/gems/web-console-2.1.2/lib/web_console/templates/_prompt_box_markup.html.erb within layouts/inlined_string (0.3ms)
  Rendered /Users/shihanrehman/.rvm/gems/ruby-2.2.1/gems/web-console-2.1.2/lib/web_console/templates/console.js.erb within layouts/javascript (58.0ms)
  Rendered /Users/shihanrehman/.rvm/gems/ruby-2.2.1/gems/web-console-2.1.2/lib/web_console/templates/main.js.erb within layouts/javascript (0.7ms)
  Rendered /Users/shihanrehman/.rvm/gems/ruby-2.2.1/gems/web-console-2.1.2/lib/web_console/templates/error_page.js.erb within layouts/javascript (0.4ms)
  Rendered /Users/shihanrehman/.rvm/gems/ruby-2.2.1/gems/web-console-2.1.2/lib/web_console/templates/index.html.erb (133.8ms)


Started GET "/" for ::1 at 2015-11-30 15:13:42 -0500

ActiveRecord::PendingMigrationError (

Migrations are pending. To resolve this issue, run:

	bin/rake db:migrate RAILS_ENV=development

):
  activerecord (4.2.1) lib/active_record/migration.rb:393:in `check_pending!'
  activerecord (4.2.1) lib/active_record/migration.rb:374:in `call'
  actionpack (4.2.1) lib/action_dispatch/middleware/callbacks.rb:29:in `block in call'
  activesupport (4.2.1) lib/active_support/callbacks.rb:88:in `call'
  activesupport (4.2.1) lib/active_support/callbacks.rb:88:in `_run_callbacks'
  activesupport (4.2.1) lib/active_support/callbacks.rb:776:in `_run_call_callbacks'
  activesupport (4.2.1) lib/active_support/callbacks.rb:81:in `run_callbacks'
  actionpack (4.2.1) lib/action_dispatch/middleware/callbacks.rb:27:in `call'
  actionpack (4.2.1) lib/action_dispatch/middleware/reloader.rb:73:in `call'
  actionpack (4.2.1) lib/action_dispatch/middleware/remote_ip.rb:78:in `call'
  actionpack (4.2.1) lib/action_dispatch/middleware/debug_exceptions.rb:17:in `call'
  web-console (2.1.2) lib/web_console/middleware.rb:37:in `call'
  actionpack (4.2.1) lib/action_dispatch/middleware/show_exceptions.rb:30:in `call'
  railties (4.2.1) lib/rails/rack/logger.rb:38:in `call_app'
  railties (4.2.1) lib/rails/rack/logger.rb:20:in `block in call'
  activesupport (4.2.1) lib/active_support/tagged_logging.rb:68:in `block in tagged'
  activesupport (4.2.1) lib/active_support/tagged_logging.rb:26:in `tagged'
  activesupport (4.2.1) lib/active_support/tagged_logging.rb:68:in `tagged'
  railties (4.2.1) lib/rails/rack/logger.rb:20:in `call'
  actionpack (4.2.1) lib/action_dispatch/middleware/request_id.rb:21:in `call'
  rack (1.6.1) lib/rack/methodoverride.rb:22:in `call'
  rack (1.6.1) lib/rack/runtime.rb:18:in `call'
  activesupport (4.2.1) lib/active_support/cache/strategy/local_cache_middleware.rb:28:in `call'
  rack (1.6.1) lib/rack/lock.rb:17:in `call'
  actionpack (4.2.1) lib/action_dispatch/middleware/static.rb:113:in `call'
  rack (1.6.1) lib/rack/sendfile.rb:113:in `call'
  railties (4.2.1) lib/rails/engine.rb:518:in `call'
  railties (4.2.1) lib/rails/application.rb:164:in `call'
  rack (1.6.1) lib/rack/lock.rb:17:in `call'
  rack (1.6.1) lib/rack/content_length.rb:15:in `call'
  rack (1.6.1) lib/rack/handler/webrick.rb:89:in `service'
  /Users/shihanrehman/.rvm/rubies/ruby-2.2.1/lib/ruby/2.2.0/webrick/httpserver.rb:138:in `service'
  /Users/shihanrehman/.rvm/rubies/ruby-2.2.1/lib/ruby/2.2.0/webrick/httpserver.rb:94:in `run'
  /Users/shihanrehman/.rvm/rubies/ruby-2.2.1/lib/ruby/2.2.0/webrick/server.rb:294:in `block in start_thread'


  Rendered /Users/shihanrehman/.rvm/gems/ruby-2.2.1/gems/actionpack-4.2.1/lib/action_dispatch/middleware/templates/rescues/_source.erb (2.3ms)
  Rendered /Users/shihanrehman/.rvm/gems/ruby-2.2.1/gems/actionpack-4.2.1/lib/action_dispatch/middleware/templates/rescues/_trace.html.erb (1.4ms)
  Rendered /Users/shihanrehman/.rvm/gems/ruby-2.2.1/gems/actionpack-4.2.1/lib/action_dispatch/middleware/templates/rescues/_request_and_response.html.erb (0.8ms)
  Rendered /Users/shihanrehman/.rvm/gems/ruby-2.2.1/gems/actionpack-4.2.1/lib/action_dispatch/middleware/templates/rescues/diagnostics.html.erb within rescues/layout (47.7ms)
  Rendered /Users/shihanrehman/.rvm/gems/ruby-2.2.1/gems/web-console-2.1.2/lib/web_console/templates/_markup.html.erb (0.4ms)
  Rendered /Users/shihanrehman/.rvm/gems/ruby-2.2.1/gems/web-console-2.1.2/lib/web_console/templates/style.css.erb within layouts/inlined_string (0.3ms)
  Rendered /Users/shihanrehman/.rvm/gems/ruby-2.2.1/gems/web-console-2.1.2/lib/web_console/templates/_inner_console_markup.html.erb within layouts/inlined_string (0.3ms)
  Rendered /Users/shihanrehman/.rvm/gems/ruby-2.2.1/gems/web-console-2.1.2/lib/web_console/templates/_prompt_box_markup.html.erb within layouts/inlined_string (0.3ms)
  Rendered /Users/shihanrehman/.rvm/gems/ruby-2.2.1/gems/web-console-2.1.2/lib/web_console/templates/console.js.erb within layouts/javascript (42.6ms)
  Rendered /Users/shihanrehman/.rvm/gems/ruby-2.2.1/gems/web-console-2.1.2/lib/web_console/templates/main.js.erb within layouts/javascript (0.4ms)
  Rendered /Users/shihanrehman/.rvm/gems/ruby-2.2.1/gems/web-console-2.1.2/lib/web_console/templates/error_page.js.erb within layouts/javascript (0.4ms)
  Rendered /Users/shihanrehman/.rvm/gems/ruby-2.2.1/gems/web-console-2.1.2/lib/web_console/templates/index.html.erb (97.4ms)
  [1m[36m (33.6ms)[0m  [1mCREATE TABLE "schema_migrations" ("version" character varying NOT NULL) [0m
  [1m[35m (2.3ms)[0m  CREATE UNIQUE INDEX  "unique_schema_migrations" ON "schema_migrations"  ("version")
  [1m[36mActiveRecord::SchemaMigration Load (0.8ms)[0m  [1mSELECT "schema_migrations".* FROM "schema_migrations"[0m
Migrating to CreateMessages (20150518171435)
  [1m[35m (0.5ms)[0m  BEGIN
  [1m[36m (14.3ms)[0m  [1mCREATE TABLE "messages" ("id" serial primary key, "title" character varying, "description" text, "created_at" timestamp NOT NULL, "updated_at" timestamp NOT NULL) [0m
  [1m[35mSQL (0.5ms)[0m  INSERT INTO "schema_migrations" ("version") VALUES ($1)  [["version", "20150518171435"]]
  [1m[36m (0.5ms)[0m  [1mCOMMIT[0m
Migrating to DeviseCreateUsers (20150518182200)
  [1m[35m (0.2ms)[0m  BEGIN
DEPRECATION WARNING: `#timestamp` was called without specifying an option for `null`. In Rails 5, this behavior will change to `null: false`. You should manually specify `null: true` to prevent the behavior of your existing migrations from changing. (called from block in change at /Users/shihanrehman/Desktop/ruby/Message-Board/db/migrate/20150518182200_devise_create_users.rb:34)
  [1m[36m (5.6ms)[0m  [1mCREATE TABLE "users" ("id" serial primary key, "email" character varying DEFAULT '' NOT NULL, "encrypted_password" character varying DEFAULT '' NOT NULL, "reset_password_token" character varying, "reset_password_sent_at" timestamp, "remember_created_at" timestamp, "sign_in_count" integer DEFAULT 0 NOT NULL, "current_sign_in_at" timestamp, "last_sign_in_at" timestamp, "current_sign_in_ip" character varying, "last_sign_in_ip" character varying, "created_at" timestamp, "updated_at" timestamp) [0m
  [1m[35m (1.1ms)[0m  CREATE UNIQUE INDEX  "index_users_on_email" ON "users"  ("email")
  [1m[36m (0.9ms)[0m  [1mCREATE UNIQUE INDEX  "index_users_on_reset_password_token" ON "users"  ("reset_password_token")[0m
  [1m[35mSQL (0.8ms)[0m  INSERT INTO "schema_migrations" ("version") VALUES ($1)  [["version", "20150518182200"]]
  [1m[36m (0.5ms)[0m  [1mCOMMIT[0m
Migrating to AddUserIdToMessages (20150518182640)
  [1m[35m (0.4ms)[0m  BEGIN
  [1m[36m (1.1ms)[0m  [1mALTER TABLE "messages" ADD "user_id" integer[0m
  [1m[35mSQL (0.5ms)[0m  INSERT INTO "schema_migrations" ("version") VALUES ($1)  [["version", "20150518182640"]]
  [1m[36m (0.3ms)[0m  [1mCOMMIT[0m
Migrating to CreateComments (20150518185634)
  [1m[35m (0.1ms)[0m  BEGIN
  [1m[36m (3.8ms)[0m  [1mCREATE TABLE "comments" ("id" serial primary key, "content" text, "message_id" integer, "user_id" integer, "created_at" timestamp NOT NULL, "updated_at" timestamp NOT NULL) [0m
  [1m[35m (1.0ms)[0m  CREATE  INDEX  "index_comments_on_message_id" ON "comments"  ("message_id")
  [1m[36m (1.0ms)[0m  [1mCREATE  INDEX  "index_comments_on_user_id" ON "comments"  ("user_id")[0m
  [1m[35m (8.6ms)[0m  ALTER TABLE "comments" ADD CONSTRAINT "fk_rails_6c909d51ab"
FOREIGN KEY ("message_id")
  REFERENCES "messages" ("id")

  [1m[36m (2.8ms)[0m  [1mALTER TABLE "comments" ADD CONSTRAINT "fk_rails_03de2dc08c"
FOREIGN KEY ("user_id")
  REFERENCES "users" ("id")
[0m
  [1m[35mSQL (0.2ms)[0m  INSERT INTO "schema_migrations" ("version") VALUES ($1)  [["version", "20150518185634"]]
  [1m[36m (0.5ms)[0m  [1mCOMMIT[0m
  [1m[35mActiveRecord::SchemaMigration Load (0.2ms)[0m  SELECT "schema_migrations".* FROM "schema_migrations"
  [1m[36m (4.4ms)[0m  [1mSELECT t2.oid::regclass::text AS to_table, a1.attname AS column, a2.attname AS primary_key, c.conname AS name, c.confupdtype AS on_update, c.confdeltype AS on_delete
FROM pg_constraint c
JOIN pg_class t1 ON c.conrelid = t1.oid
JOIN pg_class t2 ON c.confrelid = t2.oid
JOIN pg_attribute a1 ON a1.attnum = c.conkey[1] AND a1.attrelid = t1.oid
JOIN pg_attribute a2 ON a2.attnum = c.confkey[1] AND a2.attrelid = t2.oid
JOIN pg_namespace t3 ON c.connamespace = t3.oid
WHERE c.contype = 'f'
  AND t1.relname = 'comments'
  AND t3.nspname = ANY (current_schemas(false))
ORDER BY c.conname
[0m
  [1m[35m (3.5ms)[0m  SELECT t2.oid::regclass::text AS to_table, a1.attname AS column, a2.attname AS primary_key, c.conname AS name, c.confupdtype AS on_update, c.confdeltype AS on_delete
FROM pg_constraint c
JOIN pg_class t1 ON c.conrelid = t1.oid
JOIN pg_class t2 ON c.confrelid = t2.oid
JOIN pg_attribute a1 ON a1.attnum = c.conkey[1] AND a1.attrelid = t1.oid
JOIN pg_attribute a2 ON a2.attnum = c.confkey[1] AND a2.attrelid = t2.oid
JOIN pg_namespace t3 ON c.connamespace = t3.oid
WHERE c.contype = 'f'
  AND t1.relname = 'messages'
  AND t3.nspname = ANY (current_schemas(false))
ORDER BY c.conname

  [1m[36m (4.0ms)[0m  [1mSELECT t2.oid::regclass::text AS to_table, a1.attname AS column, a2.attname AS primary_key, c.conname AS name, c.confupdtype AS on_update, c.confdeltype AS on_delete
FROM pg_constraint c
JOIN pg_class t1 ON c.conrelid = t1.oid
JOIN pg_class t2 ON c.confrelid = t2.oid
JOIN pg_attribute a1 ON a1.attnum = c.conkey[1] AND a1.attrelid = t1.oid
JOIN pg_attribute a2 ON a2.attnum = c.confkey[1] AND a2.attrelid = t2.oid
JOIN pg_namespace t3 ON c.connamespace = t3.oid
WHERE c.contype = 'f'
  AND t1.relname = 'users'
  AND t3.nspname = ANY (current_schemas(false))
ORDER BY c.conname
[0m


Started GET "/" for ::1 at 2015-11-30 15:14:08 -0500
  [1m[36mActiveRecord::SchemaMigration Load (0.7ms)[0m  [1mSELECT "schema_migrations".* FROM "schema_migrations"[0m
Processing by MessagesController#index as HTML
  [1m[35mMessage Load (1.6ms)[0m  SELECT "messages".* FROM "messages"  ORDER BY created_at DESC
  Rendered messages/index.html.erb within layouts/application (6.7ms)
Completed 200 OK in 530ms (Views: 510.3ms | ActiveRecord: 2.6ms)


Started GET "/assets/messages.self-e3b0c44298fc1c149afbf4c8996fb92427ae41e4649b934ca495991b7852b855.css?body=1" for ::1 at 2015-11-30 15:14:09 -0500


Started GET "/assets/application.self-52627aeff9cce678b85a40b1d3b9a1def4b7a3fe4bc7870b5d5afd0e45c65d64.css?body=1" for ::1 at 2015-11-30 15:14:09 -0500


Started GET "/assets/jquery_ujs.self-8e98a7a072a6cee1372d19fff9ff3e6aa1e39a37d89d6f06861637d061113ee7.js?body=1" for ::1 at 2015-11-30 15:14:09 -0500


Started GET "/assets/bootstrap/affix.self-68d1a5161d04ca9fe1b9d9f4114d9426c7798bf90f2703a97aca35c8113469bb.js?body=1" for ::1 at 2015-11-30 15:14:09 -0500


Started GET "/assets/jquery.self-d03a5518f45df77341bdbe6201ba3bfa547ebba8ed64f0ea56bfa5f96ea7c074.js?body=1" for ::1 at 2015-11-30 15:14:09 -0500


Started GET "/assets/bootstrap/alert.self-15ce09eba576e56db3edfd87accc0ff48823df915169e350b4fd97290f96aee1.js?body=1" for ::1 at 2015-11-30 15:14:09 -0500


Started GET "/assets/bootstrap/carousel.self-9aaab1a477b9c1156bab751cb8da47f77dace6da88eef8ae830e60f3cff3a8be.js?body=1" for ::1 at 2015-11-30 15:14:09 -0500


Started GET "/assets/bootstrap/collapse.self-eeece00cd06a3d7cc071ab7845b549d4991edd0f0895e4be70fe40bac2fb5f4b.js?body=1" for ::1 at 2015-11-30 15:14:09 -0500


Started GET "/assets/bootstrap/dropdown.self-a3998e7ca949c04cb86b5c635deb0abcc7a24dc02e81be66b8acfef02d811e45.js?body=1" for ::1 at 2015-11-30 15:14:09 -0500


Started GET "/assets/bootstrap/button.self-37c62bff1d75f86f3348b8679873d5156d8b9938b62841038dca21690f4740f1.js?body=1" for ::1 at 2015-11-30 15:14:09 -0500


Started GET "/assets/comments.self-e3b0c44298fc1c149afbf4c8996fb92427ae41e4649b934ca495991b7852b855.css?body=1" for ::1 at 2015-11-30 15:14:09 -0500


Started GET "/assets/bootstrap/modal.self-f2759e138605770e60526c00c6d86cbb3378da203641f9d6b204c9f0192b9267.js?body=1" for ::1 at 2015-11-30 15:14:09 -0500


Started GET "/assets/bootstrap/scrollspy.self-5ea180afe4404f83fc97d997833f2edefd34475b0b5ddab310e27abc2bbd5f2f.js?body=1" for ::1 at 2015-11-30 15:14:09 -0500


Started GET "/assets/bootstrap/tab.self-e1bba7115c90301056ee94c4716de2fcbe4498015def2dab9ff9879f339bd245.js?body=1" for ::1 at 2015-11-30 15:14:09 -0500


Started GET "/assets/bootstrap/transition.self-7742dca5e6acf313fbb217811b48468282cddf1a9baea5c89ec92e367ef242cb.js?body=1" for ::1 at 2015-11-30 15:14:09 -0500


Started GET "/assets/bootstrap/tooltip.self-c3b5c16f394ab9c0391db4431aac4f2d2ddf1bba4c5d3228ed343de05ecc8e83.js?body=1" for ::1 at 2015-11-30 15:14:09 -0500


Started GET "/assets/bootstrap/popover.self-2674d99c3ab0415dba0b958a80b3840f70ff6368b155d890306c0291be49453b.js?body=1" for ::1 at 2015-11-30 15:14:09 -0500


Started GET "/assets/bootstrap-sprockets.self-fbfa5ad7d9aa0afe439ec4ff3883acc4cb92b62cb67c40d674320c9aa1d4642d.js?body=1" for ::1 at 2015-11-30 15:14:09 -0500


Started GET "/assets/turbolinks.self-c37727e9bd6b2735da5c311aa83fead54ed0be6cc8bd9a65309e9c5abe2cbfff.js?body=1" for ::1 at 2015-11-30 15:14:09 -0500


Started GET "/assets/comments.self-877aef30ae1b040ab8a3aba4e3e309a11d7f2612f44dde450b5c157aa5f95c05.js?body=1" for ::1 at 2015-11-30 15:14:09 -0500


Started GET "/assets/messages.self-877aef30ae1b040ab8a3aba4e3e309a11d7f2612f44dde450b5c157aa5f95c05.js?body=1" for ::1 at 2015-11-30 15:14:09 -0500


Started GET "/assets/application.self-f8806224e027f3e3f0138ea9ce99319e298dfdb323304d1f1be6eae8e8c74724.js?body=1" for ::1 at 2015-11-30 15:14:09 -0500


Started GET "/users/sign_in" for ::1 at 2015-11-30 15:14:10 -0500
Processing by Devise::SessionsController#new as HTML
  Rendered devise/shared/_links.html.erb (1.2ms)
  Rendered devise/sessions/new.html.erb within layouts/application (126.7ms)
Completed 200 OK in 264ms (Views: 242.2ms | ActiveRecord: 3.8ms)


Started GET "/users/sign_up" for ::1 at 2015-11-30 15:14:12 -0500
Processing by Devise::RegistrationsController#new as HTML
  Rendered devise/shared/_links.html.erb (0.4ms)
  Rendered devise/registrations/new.html.erb within layouts/application (115.7ms)
Completed 200 OK in 263ms (Views: 260.7ms | ActiveRecord: 0.0ms)


Started GET "/" for ::1 at 2015-11-30 15:14:13 -0500
Processing by MessagesController#index as HTML
  [1m[36mMessage Load (0.8ms)[0m  [1mSELECT "messages".* FROM "messages"  ORDER BY created_at DESC[0m
  Rendered messages/index.html.erb within layouts/application (5.7ms)
Completed 200 OK in 204ms (Views: 201.7ms | ActiveRecord: 0.8ms)


Started GET "/users/sign_up" for ::1 at 2015-11-30 15:14:14 -0500
Processing by Devise::RegistrationsController#new as HTML
  Rendered devise/shared/_links.html.erb (0.2ms)
  Rendered devise/registrations/new.html.erb within layouts/application (61.6ms)
Completed 200 OK in 167ms (Views: 164.7ms | ActiveRecord: 0.0ms)


Started GET "/users/sign_in" for ::1 at 2015-11-30 15:14:14 -0500
Processing by Devise::SessionsController#new as HTML
  Rendered devise/shared/_links.html.erb (0.3ms)
  Rendered devise/sessions/new.html.erb within layouts/application (146.5ms)
Completed 200 OK in 273ms (Views: 270.0ms | ActiveRecord: 0.0ms)


Started GET "/users/sign_in" for ::1 at 2015-11-30 15:14:15 -0500
Processing by Devise::SessionsController#new as HTML
  Rendered devise/shared/_links.html.erb (0.3ms)
  Rendered devise/sessions/new.html.erb within layouts/application (111.8ms)
Completed 200 OK in 260ms (Views: 254.3ms | ActiveRecord: 0.0ms)
